# JRE version: OpenJDK Runtime Environment (8.0_112-b06) (build 1.8.0_112-release-b06)
# Java VM: OpenJDK 64-Bit Server VM (25.112-b06 mixed mode windows-amd64 compressed oops)
Heap:
 PSYoungGen      total 423424K, used 303373K [0x00000000e0000000, 0x00000000ff600000, 0x0000000100000000)
  eden space 370176K, 74% used [0x00000000e0000000,0x00000000f0d40320,0x00000000f6980000)
  from space 53248K, 51% used [0x00000000f9e80000,0x00000000fb983428,0x00000000fd280000)
  to   space 54272K, 0% used [0x00000000f6980000,0x00000000f6980000,0x00000000f9e80000)
 ParOldGen       total 282624K, used 244985K [0x00000000a0000000, 0x00000000b1400000, 0x00000000e0000000)
  object space 282624K, 86% used [0x00000000a0000000,0x00000000aef3e4b0,0x00000000b1400000)
 Metaspace       used 86124K, capacity 94460K, committed 94760K, reserved 1132544K
  class space    used 10767K, capacity 11713K, committed 11816K, reserved 1048576K
GC Heap History (10 events):
Event: 13787.021 GC heap before
{Heap before GC invocations=82 (full 4):
 PSYoungGen      total 455680K, used 396043K [0x00000000e0000000, 0x00000000fff80000, 0x0000000100000000)
  eden space 392704K, 100% used [0x00000000e0000000,0x00000000f7f80000,0x00000000f7f80000)
  from space 62976K, 5% used [0x00000000f7f80000,0x00000000f82c2ff8,0x00000000fbd00000)
  to   space 61952K, 0% used [0x00000000fc300000,0x00000000fc300000,0x00000000fff80000)
 ParOldGen       total 282624K, used 243668K [0x00000000a0000000, 0x00000000b1400000, 0x00000000e0000000)
  object space 282624K, 86% used [0x00000000a0000000,0x00000000aedf53b0,0x00000000b1400000)
 Metaspace       used 85573K, capacity 93520K, committed 93864K, reserved 1132544K
  class space    used 10690K, capacity 11599K, committed 11688K, reserved 1048576K
Event: 13787.066 GC heap after
Heap after GC invocations=82 (full 4):
 PSYoungGen      total 455680K, used 7504K [0x00000000e0000000, 0x00000000ffa00000, 0x0000000100000000)
  eden space 399360K, 0% used [0x00000000e0000000,0x00000000e0000000,0x00000000f8600000)
  from space 56320K, 13% used [0x00000000fc300000,0x00000000fca54268,0x00000000ffa00000)
  to   space 59392K, 0% used [0x00000000f8600000,0x00000000f8600000,0x00000000fc000000)
 ParOldGen       total 282624K, used 244953K [0x00000000a0000000, 0x00000000b1400000, 0x00000000e0000000)
  object space 282624K, 86% used [0x00000000a0000000,0x00000000aef364b0,0x00000000b1400000)
 Metaspace       used 85573K, capacity 93520K, committed 93864K, reserved 1132544K
  class space    used 10690K, capacity 11599K, committed 11688K, reserved 1048576K
}
Event: 14324.611 GC heap before
{Heap before GC invocations=83 (full 4):
 PSYoungGen      total 455680K, used 406864K [0x00000000e0000000, 0x00000000ffa00000, 0x0000000100000000)
  eden space 399360K, 100% used [0x00000000e0000000,0x00000000f8600000,0x00000000f8600000)
  from space 56320K, 13% used [0x00000000fc300000,0x00000000fca54268,0x00000000ffa00000)
  to   space 59392K, 0% used [0x00000000f8600000,0x00000000f8600000,0x00000000fc000000)
 ParOldGen       total 282624K, used 244953K [0x00000000a0000000, 0x00000000b1400000, 0x00000000e0000000)
  object space 282624K, 86% used [0x00000000a0000000,0x00000000aef364b0,0x00000000b1400000)
 Metaspace       used 85667K, capacity 93700K, committed 93864K, reserved 1132544K
  class space    used 10707K, capacity 11615K, committed 11688K, reserved 1048576K
Event: 14324.625 GC heap after
Heap after GC invocations=83 (full 4):
 PSYoungGen      total 458752K, used 7131K [0x00000000e0000000, 0x00000000fff00000, 0x0000000100000000)
  eden space 399360K, 0% used [0x00000000e0000000,0x00000000e0000000,0x00000000f8600000)
  from space 59392K, 12% used [0x00000000f8600000,0x00000000f8cf6fe8,0x00000000fc000000)
  to   space 57344K, 0% used [0x00000000fc700000,0x00000000fc700000,0x00000000fff00000)
 ParOldGen       total 282624K, used 244961K [0x00000000a0000000, 0x00000000b1400000, 0x00000000e0000000)
  object space 282624K, 86% used [0x00000000a0000000,0x00000000aef384b0,0x00000000b1400000)
 Metaspace       used 85667K, capacity 93700K, committed 93864K, reserved 1132544K
  class space    used 10707K, capacity 11615K, committed 11688K, reserved 1048576K
}
Event: 14467.464 GC heap before
{Heap before GC invocations=84 (full 4):
 PSYoungGen      total 458752K, used 406491K [0x00000000e0000000, 0x00000000fff00000, 0x0000000100000000)
  eden space 399360K, 100% used [0x00000000e0000000,0x00000000f8600000,0x00000000f8600000)
  from space 59392K, 12% used [0x00000000f8600000,0x00000000f8cf6fe8,0x00000000fc000000)
  to   space 57344K, 0% used [0x00000000fc700000,0x00000000fc700000,0x00000000fff00000)
 ParOldGen       total 282624K, used 244961K [0x00000000a0000000, 0x00000000b1400000, 0x00000000e0000000)
  object space 282624K, 86% used [0x00000000a0000000,0x00000000aef384b0,0x00000000b1400000)
 Metaspace       used 85772K, capacity 93880K, committed 94248K, reserved 1132544K
  class space    used 10723K, capacity 11631K, committed 11816K, reserved 1048576K
Event: 14467.487 GC heap after
Heap after GC invocations=84 (full 4):
 PSYoungGen      total 414720K, used 4254K [0x00000000e0000000, 0x00000000fe400000, 0x0000000100000000)
  eden space 385024K, 0% used [0x00000000e0000000,0x00000000e0000000,0x00000000f7800000)
  from space 29696K, 14% used [0x00000000fc700000,0x00000000fcb27b58,0x00000000fe400000)
  to   space 55296K, 0% used [0x00000000f7800000,0x00000000f7800000,0x00000000fae00000)
 ParOldGen       total 282624K, used 244969K [0x00000000a0000000, 0x00000000b1400000, 0x00000000e0000000)
  object space 282624K, 86% used [0x00000000a0000000,0x00000000aef3a4b0,0x00000000b1400000)
 Metaspace       used 85772K, capacity 93880K, committed 94248K, reserved 1132544K
  class space    used 10723K, capacity 11631K, committed 11816K, reserved 1048576K
}
Event: 14592.973 GC heap before
{Heap before GC invocations=85 (full 4):
 PSYoungGen      total 414720K, used 389278K [0x00000000e0000000, 0x00000000fe400000, 0x0000000100000000)
  eden space 385024K, 100% used [0x00000000e0000000,0x00000000f7800000,0x00000000f7800000)
  from space 29696K, 14% used [0x00000000fc700000,0x00000000fcb27b58,0x00000000fe400000)
  to   space 55296K, 0% used [0x00000000f7800000,0x00000000f7800000,0x00000000fae00000)
 ParOldGen       total 282624K, used 244969K [0x00000000a0000000, 0x00000000b1400000, 0x00000000e0000000)
  object space 282624K, 86% used [0x00000000a0000000,0x00000000aef3a4b0,0x00000000b1400000)
 Metaspace       used 86009K, capacity 94322K, committed 94504K, reserved 1132544K
  class space    used 10754K, capacity 11670K, committed 11816K, reserved 1048576K
Event: 14593.104 GC heap after
Heap after GC invocations=85 (full 4):
 PSYoungGen      total 376320K, used 4722K [0x00000000e0000000, 0x00000000fd280000, 0x0000000100000000)
  eden space 371200K, 0% used [0x00000000e0000000,0x00000000e0000000,0x00000000f6a80000)
  from space 5120K, 92% used [0x00000000f7800000,0x00000000f7c9c838,0x00000000f7d00000)
  to   space 53248K, 0% used [0x00000000f9e80000,0x00000000f9e80000,0x00000000fd280000)
 ParOldGen       total 282624K, used 244977K [0x00000000a0000000, 0x00000000b1400000, 0x00000000e0000000)
  object space 282624K, 86% used [0x00000000a0000000,0x00000000aef3c4b0,0x00000000b1400000)
 Metaspace       used 86009K, capacity 94322K, committed 94504K, reserved 1132544K
  class space    used 10754K, capacity 11670K, committed 11816K, reserved 1048576K
}
Event: 14642.138 GC heap before
{Heap before GC invocations=86 (full 4):
 PSYoungGen      total 376320K, used 375827K [0x00000000e0000000, 0x00000000fd280000, 0x0000000100000000)
  eden space 371200K, 99% used [0x00000000e0000000,0x00000000f6a68558,0x00000000f6a80000)
  from space 5120K, 92% used [0x00000000f7800000,0x00000000f7c9c838,0x00000000f7d00000)
  to   space 53248K, 0% used [0x00000000f9e80000,0x00000000f9e80000,0x00000000fd280000)
 ParOldGen       total 282624K, used 244977K [0x00000000a0000000, 0x00000000b1400000, 0x00000000e0000000)
  object space 282624K, 86% used [0x00000000a0000000,0x00000000aef3c4b0,0x00000000b1400000)
 Metaspace       used 86107K, capacity 94460K, committed 94760K, reserved 1132544K
  class space    used 10767K, capacity 11713K, committed 11816K, reserved 1048576K
Event: 14642.762 GC heap after
Heap after GC invocations=86 (full 4):
 PSYoungGen      total 423424K, used 27661K [0x00000000e0000000, 0x00000000ff600000, 0x0000000100000000)
  eden space 370176K, 0% used [0x00000000e0000000,0x00000000e0000000,0x00000000f6980000)
  from space 53248K, 51% used [0x00000000f9e80000,0x00000000fb983428,0x00000000fd280000)
  to   space 54272K, 0% used [0x00000000f6980000,0x00000000f6980000,0x00000000f9e80000)
 ParOldGen       total 282624K, used 244985K [0x00000000a0000000, 0x00000000b1400000, 0x00000000e0000000)
  object space 282624K, 86% used [0x00000000a0000000,0x00000000aef3e4b0,0x00000000b1400000)
 Metaspace       used 86107K, capacity 94460K, committed 94760K, reserved 1132544K
  class space    used 10767K, capacity 11713K, committed 11816K, reserved 1048576K
}

